Fontconfig warning: ignoring C.UTF-8: not a valid language tag
[INFO  - 2016-12-14T00:55:19.507Z] GhostDriver - Main - running on port 45818
[INFO  - 2016-12-14T00:55:20.350Z] Session [fc98beb0-c197-11e6-bce8-3d1bef788adb] - page.settings - {"XSSAuditingEnabled":false,"javascriptCanCloseWindows":true,"javascriptCanOpenWindows":true,"javascriptEnabled":true,"loadImages":true,"localToRemoteUrlAccessEnabled":false,"userAgent":"Mozilla/5.0 (Unknown; Linux x86_64) AppleWebKit/538.1 (KHTML, like Gecko) PhantomJS/2.1.1 Safari/538.1","webSecurityEnabled":true}
[INFO  - 2016-12-14T00:55:20.350Z] Session [fc98beb0-c197-11e6-bce8-3d1bef788adb] - page.customHeaders:  - {}
[INFO  - 2016-12-14T00:55:20.350Z] Session [fc98beb0-c197-11e6-bce8-3d1bef788adb] - Session.negotiatedCapabilities - {"browserName":"phantomjs","version":"2.1.1","driverName":"ghostdriver","driverVersion":"1.2.0","platform":"linux-unknown-64bit","javascriptEnabled":true,"takesScreenshot":true,"handlesAlerts":false,"databaseEnabled":false,"locationContextEnabled":false,"applicationCacheEnabled":false,"browserConnectionEnabled":false,"cssSelectorsEnabled":true,"webStorageEnabled":false,"rotatable":false,"acceptSslCerts":false,"nativeEvents":true,"proxy":{"proxyType":"direct"},"phantomjs.page.settings.loadImages":true}
[INFO  - 2016-12-14T00:55:20.350Z] SessionManagerReqHand - _postNewSessionCommand - New Session Created: fc98beb0-c197-11e6-bce8-3d1bef788adb
[ERROR - 2016-12-14T00:55:22.115Z] Session [fc98beb0-c197-11e6-bce8-3d1bef788adb] - page.onError - msg: ReferenceError: Can't find variable: check

  phantomjs://platform/console++.js:263 in error
[ERROR - 2016-12-14T00:55:22.116Z] Session [fc98beb0-c197-11e6-bce8-3d1bef788adb] - page.onError - stack:
  onclick (http://127.0.0.1:8080/:184)
  dispatchEvent (:0)
  U (:119)
  $ (:108)
  $ (:101)
  gh (:141)
  sh (:152)
  (anonymous function) (:152)
  (anonymous function) (:152)
  (anonymous function) (:153)

  phantomjs://platform/console++.js:263 in error
